<?xml version="1.0" encoding="UTF-8"?>
<testng-results skipped="0" failed="0" ignored="0" total="1" passed="1">
  <reporter-output>
  </reporter-output>
  <suite name="sreenu.com.testLoginPage.TestLoginPage" duration-ms="9341" started-at="2018-08-21T18:05:59Z" finished-at="2018-08-21T18:06:08Z">
    <groups>
    </groups>
    <test name="Command line test" duration-ms="9341" started-at="2018-08-21T18:05:59Z" finished-at="2018-08-21T18:06:08Z">
      <class name="sreenu.com.testLoginPage.TestLoginPage">
        <test-method status="PASS" signature="getBrowser()[pri:0, instance:sreenu.com.testLoginPage.TestLoginPage@64616ca2]" name="getBrowser" is-config="true" duration-ms="7347" started-at="2018-08-21T18:05:59Z" finished-at="2018-08-21T18:06:06Z">
          <reporter-output>
          </reporter-output>
        </test-method> <!-- getBrowser -->
        <test-method status="PASS" signature="test_Login()[pri:0, instance:sreenu.com.testLoginPage.TestLoginPage@64616ca2]" name="test_Login" duration-ms="1961" started-at="2018-08-21T18:06:06Z" finished-at="2018-08-21T18:06:08Z">
          <reporter-output>
          </reporter-output>
        </test-method> <!-- test_Login -->
      </class> <!-- sreenu.com.testLoginPage.TestLoginPage -->
    </test> <!-- Command line test -->
  </suite> <!-- sreenu.com.testLoginPage.TestLoginPage -->
</testng-results>
