<?xml version="1.0" encoding="UTF-8"?>
<testng-results skipped="0" failed="0" total="1" passed="1">
  <reporter-output>
  </reporter-output>
  <suite name="Default suite" duration-ms="10676" started-at="2018-08-21T13:07:32Z" finished-at="2018-08-21T13:07:43Z">
    <groups>
    </groups>
    <test name="Default test" duration-ms="10676" started-at="2018-08-21T13:07:32Z" finished-at="2018-08-21T13:07:43Z">
      <class name="sreenu.com.testLoginPage.TestLoginPage">
        <test-method status="PASS" signature="getBrowser()[pri:0, instance:sreenu.com.testLoginPage.TestLoginPage@7dc7cbad]" name="getBrowser" is-config="true" duration-ms="7223" started-at="2018-08-21T18:37:32Z" finished-at="2018-08-21T18:37:40Z">
          <reporter-output>
          </reporter-output>
        </test-method> <!-- getBrowser -->
        <test-method status="PASS" signature="test_Login()[pri:0, instance:sreenu.com.testLoginPage.TestLoginPage@7dc7cbad]" name="test_Login" duration-ms="3427" started-at="2018-08-21T18:37:40Z" finished-at="2018-08-21T18:37:43Z">
          <reporter-output>
          </reporter-output>
        </test-method> <!-- test_Login -->
      </class> <!-- sreenu.com.testLoginPage.TestLoginPage -->
    </test> <!-- Default test -->
  </suite> <!-- Default suite -->
</testng-results>
